<?xml version="1.0" encoding="UTF-8"?>
<testng-results skipped="0" failed="0" ignored="0" total="1" passed="1">
  <reporter-output>
  </reporter-output>
  <suite name="Default suite" duration-ms="22303" started-at="2020-09-30T02:09:38 IST" finished-at="2020-09-30T02:10:00 IST">
    <groups>
      <group name="cucumber">
        <method signature="AbstractTestNGCucumberTests.runScenario(io.cucumber.testng.PickleWrapper, io.cucumber.testng.FeatureWrapper)[pri:0, instance:com.capg.pbms.testrunner.TestRunner@49096b06]" name="runScenario" class="io.cucumber.testng.AbstractTestNGCucumberTests"/>
      </group> <!-- cucumber -->
    </groups>
    <test name="Default test" duration-ms="22303" started-at="2020-09-30T02:09:38 IST" finished-at="2020-09-30T02:10:00 IST">
      <class name="com.capg.pbms.testrunner.TestRunner">
        <test-method status="PASS" signature="setUpClass()[pri:0, instance:com.capg.pbms.testrunner.TestRunner@49096b06]" name="setUpClass" is-config="true" duration-ms="1690" started-at="2020-09-30T02:09:38 IST" finished-at="2020-09-30T02:09:39 IST">
          <reporter-output>
          </reporter-output>
        </test-method> <!-- setUpClass -->
        <test-method status="PASS" signature="runScenario(io.cucumber.testng.PickleWrapper, io.cucumber.testng.FeatureWrapper)[pri:0, instance:com.capg.pbms.testrunner.TestRunner@49096b06]" name="runScenario" duration-ms="15244" started-at="2020-09-30T02:09:39 IST" description="Runs Cucumber Scenarios" data-provider="scenarios" finished-at="2020-09-30T02:09:55 IST">
          <params>
            <param index="0">
              <value>
                <![CDATA["Whenan Employee enters all the details, Without mistakes"]]>
              </value>
            </param>
            <param index="1">
              <value>
                <![CDATA["Credit Feature Of Transaction"]]>
              </value>
            </param>
          </params>
          <reporter-output>
          </reporter-output>
        </test-method> <!-- runScenario -->
        <test-method status="PASS" signature="Extendsreport()[pri:0, instance:com.capg.pbms.testrunner.TestRunner@49096b06]" name="Extendsreport" is-config="true" duration-ms="1" started-at="2020-09-30T02:09:55 IST" finished-at="2020-09-30T02:09:55 IST">
          <reporter-output>
          </reporter-output>
        </test-method> <!-- Extendsreport -->
        <test-method status="PASS" signature="tearDownClass()[pri:0, instance:com.capg.pbms.testrunner.TestRunner@49096b06]" name="tearDownClass" is-config="true" duration-ms="4544" started-at="2020-09-30T02:09:55 IST" finished-at="2020-09-30T02:10:00 IST">
          <reporter-output>
          </reporter-output>
        </test-method> <!-- tearDownClass -->
      </class> <!-- com.capg.pbms.testrunner.TestRunner -->
    </test> <!-- Default test -->
  </suite> <!-- Default suite -->
</testng-results>
